<?xml version="1.0" encoding="UTF-8"?>
<!-- Generated by org.testng.reporters.JUnitXMLReporter -->
<testsuite ignored="0" hostname="Kalyani-S-L" failures="1" tests="3" name="RestAssuredProject2" time="4.088" errors="0" timestamp="2026-06-04T20:31:39 IST">
  <testcase classname="org.example.APITest" name="test1" time="1.917"/>
  <testcase classname="org.example.APITest" name="test2" time="0.709"/>
  <testcase classname="org.example.APITest" name="test3" time="1.407">
    <failure type="java.lang.ClassCastException" message="class java.util.ArrayList cannot be cast to class java.lang.String (java.util.ArrayList and java.lang.String are in module java.base of loader &amp;apos;bootstrap&amp;apos;)">
      <![CDATA[java.lang.ClassCastException: class java.util.ArrayList cannot be cast to class java.lang.String (java.util.ArrayList and java.lang.String are in module java.base of loader 'bootstrap')
at org.example.APITest.test3(APITest.java:40)
at java.base/java.util.ArrayList.forEach(ArrayList.java:1596)
at com.intellij.rt.testng.IDEARemoteTestNG.run(IDEARemoteTestNG.java:65)
at com.intellij.rt.testng.RemoteTestNGStarter.main(RemoteTestNGStarter.java:109)
... Removed 22 stack frames]]>
    </failure>
  </testcase> <!-- test3 -->
</testsuite> <!-- RestAssuredProject2 -->
